2022-08-08 13:24:56.221  INFO 10052 --- [main] com.ssafy.crafts.CraftsApplication       : Starting CraftsApplication using Java 1.8.0_192 on DESKTOP-KVCQHCD with PID 10052 (C:\SSAFY\workspace\commonPjt\S07P12A605\BE\build\libs\crafts-1.0-SNAPSHOT.jar started by SSAFY in C:\SSAFY\workspace\commonPjt\S07P12A605\BE\build\libs)
2022-08-08 13:24:56.225  INFO 10052 --- [main] com.ssafy.crafts.CraftsApplication       : No active profile set, falling back to default profiles: default
2022-08-08 13:25:03.781  INFO 10052 --- [main] .s.d.r.c.RepositoryConfigurationDelegate : Bootstrapping Spring Data JPA repositories in DEFAULT mode.
2022-08-08 13:25:04.675  INFO 10052 --- [main] .s.d.r.c.RepositoryConfigurationDelegate : Finished Spring Data repository scanning in 849 ms. Found 3 JPA repository interfaces.
2022-08-08 13:25:14.086  WARN 10052 --- [main] com.amazonaws.util.EC2MetadataUtils      : Unable to retrieve the requested metadata (/latest/meta-data/instance-id). Failed to connect to service endpoint: 

com.amazonaws.SdkClientException: Failed to connect to service endpoint: 
	at com.amazonaws.internal.EC2ResourceFetcher.doReadResource(EC2ResourceFetcher.java:100) ~[aws-java-sdk-core-1.12.275.jar!/:na]
	at com.amazonaws.internal.EC2ResourceFetcher.doReadResource(EC2ResourceFetcher.java:70) ~[aws-java-sdk-core-1.12.275.jar!/:na]
	at com.amazonaws.internal.InstanceMetadataServiceResourceFetcher.readResource(InstanceMetadataServiceResourceFetcher.java:75) ~[aws-java-sdk-core-1.12.275.jar!/:na]
	at com.amazonaws.internal.EC2ResourceFetcher.readResource(EC2ResourceFetcher.java:66) ~[aws-java-sdk-core-1.12.275.jar!/:na]
	at com.amazonaws.util.EC2MetadataUtils.getItems(EC2MetadataUtils.java:407) [aws-java-sdk-core-1.12.275.jar!/:na]
	at com.amazonaws.util.EC2MetadataUtils.getData(EC2MetadataUtils.java:376) [aws-java-sdk-core-1.12.275.jar!/:na]
	at org.springframework.cloud.aws.context.support.env.AwsCloudEnvironmentCheckUtils.isRunningOnCloudEnvironment(AwsCloudEnvironmentCheckUtils.java:38) [spring-cloud-aws-context-2.2.6.RELEASE.jar!/:2.2.6.RELEASE]
	at org.springframework.cloud.aws.context.annotation.OnAwsCloudEnvironmentCondition.matches(OnAwsCloudEnvironmentCondition.java:38) [spring-cloud-aws-context-2.2.6.RELEASE.jar!/:2.2.6.RELEASE]
	at org.springframework.context.annotation.ConditionEvaluator.shouldSkip(ConditionEvaluator.java:108) [spring-context-5.3.6.jar!/:5.3.6]
	at org.springframework.context.annotation.ConfigurationClassBeanDefinitionReader$TrackedConditionEvaluator.shouldSkip(ConfigurationClassBeanDefinitionReader.java:489) [spring-context-5.3.6.jar!/:5.3.6]
	at org.springframework.context.annotation.ConfigurationClassBeanDefinitionReader.loadBeanDefinitionsForConfigurationClass(ConfigurationClassBeanDefinitionReader.java:140) [spring-context-5.3.6.jar!/:5.3.6]
	at org.springframework.context.annotation.ConfigurationClassBeanDefinitionReader.loadBeanDefinitions(ConfigurationClassBeanDefinitionReader.java:129) [spring-context-5.3.6.jar!/:5.3.6]
	at org.springframework.context.annotation.ConfigurationClassPostProcessor.processConfigBeanDefinitions(ConfigurationClassPostProcessor.java:343) [spring-context-5.3.6.jar!/:5.3.6]
	at org.springframework.context.annotation.ConfigurationClassPostProcessor.postProcessBeanDefinitionRegistry(ConfigurationClassPostProcessor.java:247) [spring-context-5.3.6.jar!/:5.3.6]
	at org.springframework.context.support.PostProcessorRegistrationDelegate.invokeBeanDefinitionRegistryPostProcessors(PostProcessorRegistrationDelegate.java:311) [spring-context-5.3.6.jar!/:5.3.6]
	at org.springframework.context.support.PostProcessorRegistrationDelegate.invokeBeanFactoryPostProcessors(PostProcessorRegistrationDelegate.java:112) [spring-context-5.3.6.jar!/:5.3.6]
	at org.springframework.context.support.AbstractApplicationContext.invokeBeanFactoryPostProcessors(AbstractApplicationContext.java:746) [spring-context-5.3.6.jar!/:5.3.6]
	at org.springframework.context.support.AbstractApplicationContext.refresh(AbstractApplicationContext.java:564) [spring-context-5.3.6.jar!/:5.3.6]
	at org.springframework.boot.web.servlet.context.ServletWebServerApplicationContext.refresh(ServletWebServerApplicationContext.java:144) [spring-boot-2.4.5.jar!/:2.4.5]
	at org.springframework.boot.SpringApplication.refresh(SpringApplication.java:782) [spring-boot-2.4.5.jar!/:2.4.5]
	at org.springframework.boot.SpringApplication.refresh(SpringApplication.java:774) [spring-boot-2.4.5.jar!/:2.4.5]
	at org.springframework.boot.SpringApplication.refreshContext(SpringApplication.java:439) [spring-boot-2.4.5.jar!/:2.4.5]
	at org.springframework.boot.SpringApplication.run(SpringApplication.java:339) [spring-boot-2.4.5.jar!/:2.4.5]
	at org.springframework.boot.SpringApplication.run(SpringApplication.java:1340) [spring-boot-2.4.5.jar!/:2.4.5]
	at org.springframework.boot.SpringApplication.run(SpringApplication.java:1329) [spring-boot-2.4.5.jar!/:2.4.5]
	at com.ssafy.crafts.CraftsApplication.main(CraftsApplication.java:12) [classes!/:na]
	at sun.reflect.NativeMethodAccessorImpl.invoke0(Native Method) ~[na:1.8.0_192]
	at sun.reflect.NativeMethodAccessorImpl.invoke(NativeMethodAccessorImpl.java:62) ~[na:1.8.0_192]
	at sun.reflect.DelegatingMethodAccessorImpl.invoke(DelegatingMethodAccessorImpl.java:43) ~[na:1.8.0_192]
	at java.lang.reflect.Method.invoke(Method.java:498) ~[na:1.8.0_192]
	at org.springframework.boot.loader.MainMethodRunner.run(MainMethodRunner.java:49) [crafts-1.0-SNAPSHOT.jar:na]
	at org.springframework.boot.loader.Launcher.launch(Launcher.java:108) [crafts-1.0-SNAPSHOT.jar:na]
	at org.springframework.boot.loader.Launcher.launch(Launcher.java:58) [crafts-1.0-SNAPSHOT.jar:na]
	at org.springframework.boot.loader.JarLauncher.main(JarLauncher.java:88) [crafts-1.0-SNAPSHOT.jar:na]
Caused by: java.net.SocketTimeoutException: connect timed out
	at java.net.DualStackPlainSocketImpl.waitForConnect(Native Method) ~[na:1.8.0_192]
	at java.net.DualStackPlainSocketImpl.socketConnect(DualStackPlainSocketImpl.java:85) ~[na:1.8.0_192]
	at java.net.AbstractPlainSocketImpl.doConnect(AbstractPlainSocketImpl.java:350) ~[na:1.8.0_192]
	at java.net.AbstractPlainSocketImpl.connectToAddress(AbstractPlainSocketImpl.java:206) ~[na:1.8.0_192]
	at java.net.AbstractPlainSocketImpl.connect(AbstractPlainSocketImpl.java:188) ~[na:1.8.0_192]
	at java.net.PlainSocketImpl.connect(PlainSocketImpl.java:172) ~[na:1.8.0_192]
	at java.net.SocksSocketImpl.connect(SocksSocketImpl.java:392) ~[na:1.8.0_192]
	at java.net.Socket.connect(Socket.java:589) ~[na:1.8.0_192]
	at sun.net.NetworkClient.doConnect(NetworkClient.java:175) ~[na:1.8.0_192]
	at sun.net.www.http.HttpClient.openServer(HttpClient.java:463) ~[na:1.8.0_192]
	at sun.net.www.http.HttpClient.openServer(HttpClient.java:558) ~[na:1.8.0_192]
	at sun.net.www.http.HttpClient.<init>(HttpClient.java:242) ~[na:1.8.0_192]
	at sun.net.www.http.HttpClient.New(HttpClient.java:339) ~[na:1.8.0_192]
	at sun.net.www.http.HttpClient.New(HttpClient.java:357) ~[na:1.8.0_192]
	at sun.net.www.protocol.http.HttpURLConnection.getNewHttpClient(HttpURLConnection.java:1220) ~[na:1.8.0_192]
	at sun.net.www.protocol.http.HttpURLConnection.plainConnect0(HttpURLConnection.java:1199) ~[na:1.8.0_192]
	at sun.net.www.protocol.http.HttpURLConnection.plainConnect(HttpURLConnection.java:1050) ~[na:1.8.0_192]
	at sun.net.www.protocol.http.HttpURLConnection.connect(HttpURLConnection.java:984) ~[na:1.8.0_192]
	at com.amazonaws.internal.ConnectionUtils.connectToEndpoint(ConnectionUtils.java:95) ~[aws-java-sdk-core-1.12.275.jar!/:na]
	at com.amazonaws.internal.EC2ResourceFetcher.doReadResource(EC2ResourceFetcher.java:80) ~[aws-java-sdk-core-1.12.275.jar!/:na]
	... 33 common frames omitted

2022-08-08 13:25:15.374  INFO 10052 --- [main] trationDelegate$BeanPostProcessorChecker : Bean '(inner bean)#34129c78' of type [com.amazonaws.auth.BasicAWSCredentials] is not eligible for getting processed by all BeanPostProcessors (for example: not eligible for auto-proxying)
2022-08-08 13:25:15.375  INFO 10052 --- [main] trationDelegate$BeanPostProcessorChecker : Bean '(inner bean)#17d919b6' of type [com.amazonaws.auth.AWSStaticCredentialsProvider] is not eligible for getting processed by all BeanPostProcessors (for example: not eligible for auto-proxying)
2022-08-08 13:25:15.391  INFO 10052 --- [main] trationDelegate$BeanPostProcessorChecker : Bean '(inner bean)#3f1d2e23' of type [com.amazonaws.auth.profile.ProfileCredentialsProvider] is not eligible for getting processed by all BeanPostProcessors (for example: not eligible for auto-proxying)
2022-08-08 13:25:15.393  INFO 10052 --- [main] trationDelegate$BeanPostProcessorChecker : Bean 'credentialsProvider' of type [org.springframework.cloud.aws.core.credentials.CredentialsProviderFactoryBean] is not eligible for getting processed by all BeanPostProcessors (for example: not eligible for auto-proxying)
2022-08-08 13:25:15.394  INFO 10052 --- [main] trationDelegate$BeanPostProcessorChecker : Bean 'credentialsProvider' of type [com.amazonaws.auth.AWSCredentialsProviderChain] is not eligible for getting processed by all BeanPostProcessors (for example: not eligible for auto-proxying)
2022-08-08 13:25:18.825  INFO 10052 --- [main] o.s.b.w.embedded.tomcat.TomcatWebServer  : Tomcat initialized with port(s): 8080 (http)
2022-08-08 13:25:18.892  INFO 10052 --- [main] o.apache.catalina.core.StandardService   : Starting service [Tomcat]
2022-08-08 13:25:18.894  INFO 10052 --- [main] org.apache.catalina.core.StandardEngine  : Starting Servlet engine: [Apache Tomcat/9.0.45]
2022-08-08 13:25:19.371  INFO 10052 --- [main] o.a.c.c.C.[Tomcat].[localhost].[/]       : Initializing Spring embedded WebApplicationContext
2022-08-08 13:25:19.372  INFO 10052 --- [main] w.s.c.ServletWebServerApplicationContext : Root WebApplicationContext: initialization completed in 22940 ms
2022-08-08 13:25:21.041  INFO 10052 --- [main] o.hibernate.jpa.internal.util.LogHelper  : HHH000204: Processing PersistenceUnitInfo [name: default]
2022-08-08 13:25:21.657  INFO 10052 --- [main] org.hibernate.Version                    : HHH000412: Hibernate ORM core version 5.4.30.Final
2022-08-08 13:25:22.438  INFO 10052 --- [main] o.hibernate.annotations.common.Version   : HCANN000001: Hibernate Commons Annotations {5.1.2.Final}
2022-08-08 13:25:22.949  INFO 10052 --- [main] com.zaxxer.hikari.HikariDataSource       : HikariPool-1 - Starting...
2022-08-08 13:25:23.791  INFO 10052 --- [main] com.zaxxer.hikari.HikariDataSource       : HikariPool-1 - Start completed.
2022-08-08 13:25:24.022  INFO 10052 --- [main] org.hibernate.dialect.Dialect            : HHH000400: Using dialect: org.hibernate.dialect.MySQL57Dialect
2022-08-08 13:25:27.793  INFO 10052 --- [main] o.h.e.t.j.p.i.JtaPlatformInitiator       : HHH000490: Using JtaPlatform implementation: [org.hibernate.engine.transaction.jta.platform.internal.NoJtaPlatform]
2022-08-08 13:25:27.842  INFO 10052 --- [main] j.LocalContainerEntityManagerFactoryBean : Initialized JPA EntityManagerFactory for persistence unit 'default'
2022-08-08 13:25:31.739  WARN 10052 --- [main] JpaBaseConfiguration$JpaWebConfiguration : spring.jpa.open-in-view is enabled by default. Therefore, database queries may be performed during view rendering. Explicitly configure spring.jpa.open-in-view to disable this warning
2022-08-08 13:25:33.223  INFO 10052 --- [main] o.s.b.a.e.web.EndpointLinksResolver      : Exposing 2 endpoint(s) beneath base path '/actuator'
2022-08-08 13:25:33.956  INFO 10052 --- [main] o.s.s.web.DefaultSecurityFilterChain     : Will secure Ant [pattern='/v2/api-docs'] with []
2022-08-08 13:25:33.957  INFO 10052 --- [main] o.s.s.web.DefaultSecurityFilterChain     : Will secure Ant [pattern='/configuration/**'] with []
2022-08-08 13:25:33.957  INFO 10052 --- [main] o.s.s.web.DefaultSecurityFilterChain     : Will secure Ant [pattern='/swagger*/**'] with []
2022-08-08 13:25:33.957  INFO 10052 --- [main] o.s.s.web.DefaultSecurityFilterChain     : Will secure Ant [pattern='/webjars/**'] with []
2022-08-08 13:25:35.884  INFO 10052 --- [main] o.s.s.web.DefaultSecurityFilterChain     : Will secure any request with [org.springframework.security.web.context.request.async.WebAsyncManagerIntegrationFilter@545e57d7, org.springframework.security.web.context.SecurityContextPersistenceFilter@54562ea6, org.springframework.security.web.header.HeaderWriterFilter@66ec9390, org.springframework.web.filter.CorsFilter@2bc9a775, org.springframework.security.web.authentication.logout.LogoutFilter@2b4786dd, org.springframework.security.web.savedrequest.RequestCacheAwareFilter@5b12012e, org.springframework.security.web.servletapi.SecurityContextHolderAwareRequestFilter@7cf162bc, org.springframework.security.web.authentication.AnonymousAuthenticationFilter@27b000f7, org.springframework.security.web.session.SessionManagementFilter@3c0fbd3a, org.springframework.security.web.access.ExceptionTranslationFilter@3ed0918d, org.springframework.security.web.access.intercept.FilterSecurityInterceptor@20095ab4]
2022-08-08 13:25:36.778  INFO 10052 --- [main] o.s.s.concurrent.ThreadPoolTaskExecutor  : Initializing ExecutorService 'applicationTaskExecutor'
2022-08-08 13:25:37.821  WARN 10052 --- [main] ConfigServletWebServerApplicationContext : Exception encountered during context initialization - cancelling refresh attempt: org.springframework.context.ApplicationContextException: Failed to start bean 'webServerStartStop'; nested exception is org.springframework.boot.web.server.PortInUseException: Port 8080 is already in use
2022-08-08 13:25:37.952  INFO 10052 --- [main] o.s.s.concurrent.ThreadPoolTaskExecutor  : Shutting down ExecutorService 'applicationTaskExecutor'
2022-08-08 13:25:37.967  INFO 10052 --- [main] j.LocalContainerEntityManagerFactoryBean : Closing JPA EntityManagerFactory for persistence unit 'default'
2022-08-08 13:25:37.971  INFO 10052 --- [main] com.zaxxer.hikari.HikariDataSource       : HikariPool-1 - Shutdown initiated...
2022-08-08 13:25:38.004  INFO 10052 --- [main] com.zaxxer.hikari.HikariDataSource       : HikariPool-1 - Shutdown completed.
2022-08-08 13:25:38.013  INFO 10052 --- [main] o.apache.catalina.core.StandardService   : Stopping service [Tomcat]
2022-08-08 13:25:38.058  INFO 10052 --- [main] ConditionEvaluationReportLoggingListener : 

Error starting ApplicationContext. To display the conditions report re-run your application with 'debug' enabled.
2022-08-08 13:25:38.231 ERROR 10052 --- [main] o.s.b.d.LoggingFailureAnalysisReporter   : 

***************************
APPLICATION FAILED TO START
***************************

Description:

Web server failed to start. Port 8080 was already in use.

Action:

Identify and stop the process that's listening on port 8080 or configure this application to listen on another port.

